ERROR - 2024-10-11 02:19:57 --> mysqli_sql_exception: Unknown column 'created_by' in 'field list' in C:\wamp64\www\e-commerce\system\Database\MySQLi\Connection.php:312
Stack trace:
#0 C:\wamp64\www\e-commerce\system\Database\MySQLi\Connection.php(312): mysqli->query('INSERT INTO `ro...', 0)
#1 C:\wamp64\www\e-commerce\system\Database\BaseConnection.php(734): CodeIgniter\Database\MySQLi\Connection->execute('INSERT INTO `ro...')
#2 C:\wamp64\www\e-commerce\system\Database\BaseConnection.php(648): CodeIgniter\Database\BaseConnection->simpleQuery('INSERT INTO `ro...')
#3 C:\wamp64\www\e-commerce\system\Database\BaseBuilder.php(2340): CodeIgniter\Database\BaseConnection->query('INSERT INTO `ro...', Array, false)
#4 C:\wamp64\www\e-commerce\system\Model.php(394): CodeIgniter\Database\BaseBuilder->insert()
#5 C:\wamp64\www\e-commerce\system\BaseModel.php(840): CodeIgniter\Model->doInsert(Array)
#6 C:\wamp64\www\e-commerce\system\Model.php(802): CodeIgniter\BaseModel->insert(Array, true)
#7 C:\wamp64\www\e-commerce\app\Database\Seeds\RoleSeeder.php(31): CodeIgniter\Model->insert(Array)
#8 C:\wamp64\www\e-commerce\system\Database\Seeder.php(147): App\Database\Seeds\RoleSeeder->run()
#9 C:\wamp64\www\e-commerce\app\Database\Seeds\AllSeeder.php(11): CodeIgniter\Database\Seeder->call('App\\Database\\Se...')
#10 C:\wamp64\www\e-commerce\system\Database\Seeder.php(147): App\Database\Seeds\AllSeeder->run()
#11 C:\wamp64\www\e-commerce\system\Commands\Database\Seed.php(79): CodeIgniter\Database\Seeder->call('App\\Database\\Se...')
#12 C:\wamp64\www\e-commerce\system\CLI\Commands.php(70): CodeIgniter\Commands\Database\Seed->run(Array)
#13 C:\wamp64\www\e-commerce\system\CLI\Console.php(48): CodeIgniter\CLI\Commands->run('db:seed', Array)
#14 C:\wamp64\www\e-commerce\system\Boot.php(351): CodeIgniter\CLI\Console->run()
#15 C:\wamp64\www\e-commerce\system\Boot.php(104): CodeIgniter\Boot::runCommand(Object(CodeIgniter\CLI\Console))
#16 C:\wamp64\www\e-commerce\spark(84): CodeIgniter\Boot::bootSpark(Object(Config\Paths))
#17 {main}
ERROR - 2024-10-11 02:22:50 --> mysqli_sql_exception: Unknown column 'created_by' in 'field list' in C:\wamp64\www\e-commerce\system\Database\MySQLi\Connection.php:312
Stack trace:
#0 C:\wamp64\www\e-commerce\system\Database\MySQLi\Connection.php(312): mysqli->query('INSERT INTO `ro...', 0)
#1 C:\wamp64\www\e-commerce\system\Database\BaseConnection.php(734): CodeIgniter\Database\MySQLi\Connection->execute('INSERT INTO `ro...')
#2 C:\wamp64\www\e-commerce\system\Database\BaseConnection.php(648): CodeIgniter\Database\BaseConnection->simpleQuery('INSERT INTO `ro...')
#3 C:\wamp64\www\e-commerce\system\Database\BaseBuilder.php(2340): CodeIgniter\Database\BaseConnection->query('INSERT INTO `ro...', Array, false)
#4 C:\wamp64\www\e-commerce\system\Model.php(394): CodeIgniter\Database\BaseBuilder->insert()
#5 C:\wamp64\www\e-commerce\system\BaseModel.php(840): CodeIgniter\Model->doInsert(Array)
#6 C:\wamp64\www\e-commerce\system\Model.php(802): CodeIgniter\BaseModel->insert(Array, true)
#7 C:\wamp64\www\e-commerce\app\Database\Seeds\RoleSeeder.php(31): CodeIgniter\Model->insert(Array)
#8 C:\wamp64\www\e-commerce\system\Database\Seeder.php(147): App\Database\Seeds\RoleSeeder->run()
#9 C:\wamp64\www\e-commerce\system\Commands\Database\Seed.php(79): CodeIgniter\Database\Seeder->call('App\\Database\\Se...')
#10 C:\wamp64\www\e-commerce\system\CLI\Commands.php(70): CodeIgniter\Commands\Database\Seed->run(Array)
#11 C:\wamp64\www\e-commerce\system\CLI\Console.php(48): CodeIgniter\CLI\Commands->run('db:seed', Array)
#12 C:\wamp64\www\e-commerce\system\Boot.php(351): CodeIgniter\CLI\Console->run()
#13 C:\wamp64\www\e-commerce\system\Boot.php(104): CodeIgniter\Boot::runCommand(Object(CodeIgniter\CLI\Console))
#14 C:\wamp64\www\e-commerce\spark(84): CodeIgniter\Boot::bootSpark(Object(Config\Paths))
#15 {main}
ERROR - 2024-10-11 02:48:14 --> mysqli_sql_exception: Unknown column 'created_by' in 'field list' in C:\wamp64\www\e-commerce\system\Database\MySQLi\Connection.php:312
Stack trace:
#0 C:\wamp64\www\e-commerce\system\Database\MySQLi\Connection.php(312): mysqli->query('INSERT INTO `ro...', 0)
#1 C:\wamp64\www\e-commerce\system\Database\BaseConnection.php(734): CodeIgniter\Database\MySQLi\Connection->execute('INSERT INTO `ro...')
#2 C:\wamp64\www\e-commerce\system\Database\BaseConnection.php(648): CodeIgniter\Database\BaseConnection->simpleQuery('INSERT INTO `ro...')
#3 C:\wamp64\www\e-commerce\system\Database\BaseBuilder.php(2340): CodeIgniter\Database\BaseConnection->query('INSERT INTO `ro...', Array, false)
#4 C:\wamp64\www\e-commerce\system\Model.php(394): CodeIgniter\Database\BaseBuilder->insert()
#5 C:\wamp64\www\e-commerce\system\BaseModel.php(840): CodeIgniter\Model->doInsert(Array)
#6 C:\wamp64\www\e-commerce\system\Model.php(802): CodeIgniter\BaseModel->insert(Array, true)
#7 C:\wamp64\www\e-commerce\app\Database\Seeds\RoleSeeder.php(31): CodeIgniter\Model->insert(Array)
#8 C:\wamp64\www\e-commerce\system\Database\Seeder.php(147): App\Database\Seeds\RoleSeeder->run()
#9 C:\wamp64\www\e-commerce\system\Commands\Database\Seed.php(79): CodeIgniter\Database\Seeder->call('App\\Database\\Se...')
#10 C:\wamp64\www\e-commerce\system\CLI\Commands.php(70): CodeIgniter\Commands\Database\Seed->run(Array)
#11 C:\wamp64\www\e-commerce\system\CLI\Console.php(48): CodeIgniter\CLI\Commands->run('db:seed', Array)
#12 C:\wamp64\www\e-commerce\system\Boot.php(351): CodeIgniter\CLI\Console->run()
#13 C:\wamp64\www\e-commerce\system\Boot.php(104): CodeIgniter\Boot::runCommand(Object(CodeIgniter\CLI\Console))
#14 C:\wamp64\www\e-commerce\spark(84): CodeIgniter\Boot::bootSpark(Object(Config\Paths))
#15 {main}
ERROR - 2024-10-11 16:29:35 --> mysqli_sql_exception: Unknown column 'created_by' in 'field list' in C:\wamp64\www\e-commerce\system\Database\MySQLi\Connection.php:312
Stack trace:
#0 C:\wamp64\www\e-commerce\system\Database\MySQLi\Connection.php(312): mysqli->query('INSERT INTO `ro...', 0)
#1 C:\wamp64\www\e-commerce\system\Database\BaseConnection.php(734): CodeIgniter\Database\MySQLi\Connection->execute('INSERT INTO `ro...')
#2 C:\wamp64\www\e-commerce\system\Database\BaseConnection.php(648): CodeIgniter\Database\BaseConnection->simpleQuery('INSERT INTO `ro...')
#3 C:\wamp64\www\e-commerce\system\Database\BaseBuilder.php(2340): CodeIgniter\Database\BaseConnection->query('INSERT INTO `ro...', Array, false)
#4 C:\wamp64\www\e-commerce\system\Model.php(394): CodeIgniter\Database\BaseBuilder->insert()
#5 C:\wamp64\www\e-commerce\system\BaseModel.php(840): CodeIgniter\Model->doInsert(Array)
#6 C:\wamp64\www\e-commerce\system\Model.php(802): CodeIgniter\BaseModel->insert(Array, true)
#7 C:\wamp64\www\e-commerce\app\Database\Seeds\RoleSeeder.php(31): CodeIgniter\Model->insert(Array)
#8 C:\wamp64\www\e-commerce\system\Database\Seeder.php(147): App\Database\Seeds\RoleSeeder->run()
#9 C:\wamp64\www\e-commerce\app\Database\Seeds\AllSeeder.php(11): CodeIgniter\Database\Seeder->call('App\\Database\\Se...')
#10 C:\wamp64\www\e-commerce\system\Database\Seeder.php(147): App\Database\Seeds\AllSeeder->run()
#11 C:\wamp64\www\e-commerce\system\Commands\Database\Seed.php(79): CodeIgniter\Database\Seeder->call('App\\Database\\Se...')
#12 C:\wamp64\www\e-commerce\system\CLI\Commands.php(70): CodeIgniter\Commands\Database\Seed->run(Array)
#13 C:\wamp64\www\e-commerce\system\CLI\Console.php(48): CodeIgniter\CLI\Commands->run('db:seed', Array)
#14 C:\wamp64\www\e-commerce\system\Boot.php(351): CodeIgniter\CLI\Console->run()
#15 C:\wamp64\www\e-commerce\system\Boot.php(104): CodeIgniter\Boot::runCommand(Object(CodeIgniter\CLI\Console))
#16 C:\wamp64\www\e-commerce\spark(84): CodeIgniter\Boot::bootSpark(Object(Config\Paths))
#17 {main}
ERROR - 2024-10-11 16:32:22 --> mysqli_sql_exception: Unknown column 'rank' in 'field list' in C:\wamp64\www\e-commerce\system\Database\MySQLi\Connection.php:312
Stack trace:
#0 C:\wamp64\www\e-commerce\system\Database\MySQLi\Connection.php(312): mysqli->query('INSERT INTO `ca...', 0)
#1 C:\wamp64\www\e-commerce\system\Database\BaseConnection.php(734): CodeIgniter\Database\MySQLi\Connection->execute('INSERT INTO `ca...')
#2 C:\wamp64\www\e-commerce\system\Database\BaseConnection.php(648): CodeIgniter\Database\BaseConnection->simpleQuery('INSERT INTO `ca...')
#3 C:\wamp64\www\e-commerce\system\Database\BaseBuilder.php(2340): CodeIgniter\Database\BaseConnection->query('INSERT INTO `ca...', Array, false)
#4 C:\wamp64\www\e-commerce\system\Model.php(394): CodeIgniter\Database\BaseBuilder->insert()
#5 C:\wamp64\www\e-commerce\system\BaseModel.php(840): CodeIgniter\Model->doInsert(Array)
#6 C:\wamp64\www\e-commerce\system\Model.php(802): CodeIgniter\BaseModel->insert(Array, true)
#7 C:\wamp64\www\e-commerce\app\Database\Seeds\CategorySeeder.php(76): CodeIgniter\Model->insert(Array)
#8 C:\wamp64\www\e-commerce\system\Database\Seeder.php(147): App\Database\Seeds\CategorySeeder->run()
#9 C:\wamp64\www\e-commerce\app\Database\Seeds\AllSeeder.php(13): CodeIgniter\Database\Seeder->call('App\\Database\\Se...')
#10 C:\wamp64\www\e-commerce\system\Database\Seeder.php(147): App\Database\Seeds\AllSeeder->run()
#11 C:\wamp64\www\e-commerce\system\Commands\Database\Seed.php(79): CodeIgniter\Database\Seeder->call('App\\Database\\Se...')
#12 C:\wamp64\www\e-commerce\system\CLI\Commands.php(70): CodeIgniter\Commands\Database\Seed->run(Array)
#13 C:\wamp64\www\e-commerce\system\CLI\Console.php(48): CodeIgniter\CLI\Commands->run('db:seed', Array)
#14 C:\wamp64\www\e-commerce\system\Boot.php(351): CodeIgniter\CLI\Console->run()
#15 C:\wamp64\www\e-commerce\system\Boot.php(104): CodeIgniter\Boot::runCommand(Object(CodeIgniter\CLI\Console))
#16 C:\wamp64\www\e-commerce\spark(84): CodeIgniter\Boot::bootSpark(Object(Config\Paths))
#17 {main}
ERROR - 2024-10-11 16:34:10 --> mysqli_sql_exception: Duplicate entry 'admin@gmail.com' for key 'users.email' in C:\wamp64\www\e-commerce\system\Database\MySQLi\Connection.php:312
Stack trace:
#0 C:\wamp64\www\e-commerce\system\Database\MySQLi\Connection.php(312): mysqli->query('INSERT INTO `us...', 0)
#1 C:\wamp64\www\e-commerce\system\Database\BaseConnection.php(734): CodeIgniter\Database\MySQLi\Connection->execute('INSERT INTO `us...')
#2 C:\wamp64\www\e-commerce\system\Database\BaseConnection.php(648): CodeIgniter\Database\BaseConnection->simpleQuery('INSERT INTO `us...')
#3 C:\wamp64\www\e-commerce\system\Database\BaseBuilder.php(2340): CodeIgniter\Database\BaseConnection->query('INSERT INTO `us...', Array, false)
#4 C:\wamp64\www\e-commerce\system\Model.php(394): CodeIgniter\Database\BaseBuilder->insert()
#5 C:\wamp64\www\e-commerce\system\BaseModel.php(840): CodeIgniter\Model->doInsert(Array)
#6 C:\wamp64\www\e-commerce\system\Model.php(802): CodeIgniter\BaseModel->insert(Array, true)
#7 C:\wamp64\www\e-commerce\app\Database\Seeds\UserSeeder.php(40): CodeIgniter\Model->insert(Array)
#8 C:\wamp64\www\e-commerce\system\Database\Seeder.php(147): App\Database\Seeds\UserSeeder->run()
#9 C:\wamp64\www\e-commerce\app\Database\Seeds\AllSeeder.php(12): CodeIgniter\Database\Seeder->call('App\\Database\\Se...')
#10 C:\wamp64\www\e-commerce\system\Database\Seeder.php(147): App\Database\Seeds\AllSeeder->run()
#11 C:\wamp64\www\e-commerce\system\Commands\Database\Seed.php(79): CodeIgniter\Database\Seeder->call('App\\Database\\Se...')
#12 C:\wamp64\www\e-commerce\system\CLI\Commands.php(70): CodeIgniter\Commands\Database\Seed->run(Array)
#13 C:\wamp64\www\e-commerce\system\CLI\Console.php(48): CodeIgniter\CLI\Commands->run('db:seed', Array)
#14 C:\wamp64\www\e-commerce\system\Boot.php(351): CodeIgniter\CLI\Console->run()
#15 C:\wamp64\www\e-commerce\system\Boot.php(104): CodeIgniter\Boot::runCommand(Object(CodeIgniter\CLI\Console))
#16 C:\wamp64\www\e-commerce\spark(84): CodeIgniter\Boot::bootSpark(Object(Config\Paths))
#17 {main}
ERROR - 2024-10-11 16:36:40 --> mysqli_sql_exception: Table 'e_commerce.payment_status' doesn't exist in C:\wamp64\www\e-commerce\system\Database\MySQLi\Connection.php:312
Stack trace:
#0 C:\wamp64\www\e-commerce\system\Database\MySQLi\Connection.php(312): mysqli->query('INSERT INTO `pa...', 0)
#1 C:\wamp64\www\e-commerce\system\Database\BaseConnection.php(734): CodeIgniter\Database\MySQLi\Connection->execute('INSERT INTO `pa...')
#2 C:\wamp64\www\e-commerce\system\Database\BaseConnection.php(648): CodeIgniter\Database\BaseConnection->simpleQuery('INSERT INTO `pa...')
#3 C:\wamp64\www\e-commerce\system\Database\BaseBuilder.php(1836): CodeIgniter\Database\BaseConnection->query('INSERT INTO `pa...', NULL, false)
#4 C:\wamp64\www\e-commerce\system\Database\BaseBuilder.php(2225): CodeIgniter\Database\BaseBuilder->batchExecute('_insertBatch', 100)
#5 C:\wamp64\www\e-commerce\app\Database\Seeds\PaymentStatusSeeder.php(40): CodeIgniter\Database\BaseBuilder->insertBatch(Array)
#6 C:\wamp64\www\e-commerce\system\Database\Seeder.php(147): App\Database\Seeds\PaymentStatusSeeder->run()
#7 C:\wamp64\www\e-commerce\app\Database\Seeds\AllSeeder.php(15): CodeIgniter\Database\Seeder->call('App\\Database\\Se...')
#8 C:\wamp64\www\e-commerce\system\Database\Seeder.php(147): App\Database\Seeds\AllSeeder->run()
#9 C:\wamp64\www\e-commerce\system\Commands\Database\Seed.php(79): CodeIgniter\Database\Seeder->call('App\\Database\\Se...')
#10 C:\wamp64\www\e-commerce\system\CLI\Commands.php(70): CodeIgniter\Commands\Database\Seed->run(Array)
#11 C:\wamp64\www\e-commerce\system\CLI\Console.php(48): CodeIgniter\CLI\Commands->run('db:seed', Array)
#12 C:\wamp64\www\e-commerce\system\Boot.php(351): CodeIgniter\CLI\Console->run()
#13 C:\wamp64\www\e-commerce\system\Boot.php(104): CodeIgniter\Boot::runCommand(Object(CodeIgniter\CLI\Console))
#14 C:\wamp64\www\e-commerce\spark(84): CodeIgniter\Boot::bootSpark(Object(Config\Paths))
#15 {main}
ERROR - 2024-10-11 16:47:52 --> mysqli_sql_exception: Table 'e_commerce.faqs' doesn't exist in C:\wamp64\www\e-commerce\system\Database\MySQLi\Connection.php:312
Stack trace:
#0 C:\wamp64\www\e-commerce\system\Database\MySQLi\Connection.php(312): mysqli->query('INSERT INTO `fa...', 0)
#1 C:\wamp64\www\e-commerce\system\Database\BaseConnection.php(734): CodeIgniter\Database\MySQLi\Connection->execute('INSERT INTO `fa...')
#2 C:\wamp64\www\e-commerce\system\Database\BaseConnection.php(648): CodeIgniter\Database\BaseConnection->simpleQuery('INSERT INTO `fa...')
#3 C:\wamp64\www\e-commerce\system\Database\BaseBuilder.php(1836): CodeIgniter\Database\BaseConnection->query('INSERT INTO `fa...', NULL, false)
#4 C:\wamp64\www\e-commerce\system\Database\BaseBuilder.php(2225): CodeIgniter\Database\BaseBuilder->batchExecute('_insertBatch', 100)
#5 C:\wamp64\www\e-commerce\app\Database\Seeds\FaqSeeder.php(211): CodeIgniter\Database\BaseBuilder->insertBatch(Array)
#6 C:\wamp64\www\e-commerce\system\Database\Seeder.php(147): App\Database\Seeds\FaqSeeder->run()
#7 C:\wamp64\www\e-commerce\app\Database\Seeds\AllSeeder.php(17): CodeIgniter\Database\Seeder->call('App\\Database\\Se...')
#8 C:\wamp64\www\e-commerce\system\Database\Seeder.php(147): App\Database\Seeds\AllSeeder->run()
#9 C:\wamp64\www\e-commerce\system\Commands\Database\Seed.php(79): CodeIgniter\Database\Seeder->call('App\\Database\\Se...')
#10 C:\wamp64\www\e-commerce\system\CLI\Commands.php(70): CodeIgniter\Commands\Database\Seed->run(Array)
#11 C:\wamp64\www\e-commerce\system\CLI\Console.php(48): CodeIgniter\CLI\Commands->run('db:seed', Array)
#12 C:\wamp64\www\e-commerce\system\Boot.php(351): CodeIgniter\CLI\Console->run()
#13 C:\wamp64\www\e-commerce\system\Boot.php(104): CodeIgniter\Boot::runCommand(Object(CodeIgniter\CLI\Console))
#14 C:\wamp64\www\e-commerce\spark(84): CodeIgniter\Boot::bootSpark(Object(Config\Paths))
#15 {main}
ERROR - 2024-10-11 16:52:32 --> mysqli_sql_exception: Table 'e_commerce.testimonials' doesn't exist in C:\wamp64\www\e-commerce\system\Database\MySQLi\Connection.php:312
Stack trace:
#0 C:\wamp64\www\e-commerce\system\Database\MySQLi\Connection.php(312): mysqli->query('INSERT INTO `te...', 0)
#1 C:\wamp64\www\e-commerce\system\Database\BaseConnection.php(734): CodeIgniter\Database\MySQLi\Connection->execute('INSERT INTO `te...')
#2 C:\wamp64\www\e-commerce\system\Database\BaseConnection.php(648): CodeIgniter\Database\BaseConnection->simpleQuery('INSERT INTO `te...')
#3 C:\wamp64\www\e-commerce\system\Database\BaseBuilder.php(2340): CodeIgniter\Database\BaseConnection->query('INSERT INTO `te...', Array, false)
#4 C:\wamp64\www\e-commerce\system\Model.php(394): CodeIgniter\Database\BaseBuilder->insert()
#5 C:\wamp64\www\e-commerce\system\BaseModel.php(840): CodeIgniter\Model->doInsert(Array)
#6 C:\wamp64\www\e-commerce\system\Model.php(802): CodeIgniter\BaseModel->insert(Array, true)
#7 C:\wamp64\www\e-commerce\app\Database\Seeds\TestimonialsSeeder.php(74): CodeIgniter\Model->insert(Array)
#8 C:\wamp64\www\e-commerce\system\Database\Seeder.php(147): App\Database\Seeds\TestimonialsSeeder->run()
#9 C:\wamp64\www\e-commerce\app\Database\Seeds\AllSeeder.php(18): CodeIgniter\Database\Seeder->call('App\\Database\\Se...')
#10 C:\wamp64\www\e-commerce\system\Database\Seeder.php(147): App\Database\Seeds\AllSeeder->run()
#11 C:\wamp64\www\e-commerce\system\Commands\Database\Seed.php(79): CodeIgniter\Database\Seeder->call('App\\Database\\Se...')
#12 C:\wamp64\www\e-commerce\system\CLI\Commands.php(70): CodeIgniter\Commands\Database\Seed->run(Array)
#13 C:\wamp64\www\e-commerce\system\CLI\Console.php(48): CodeIgniter\CLI\Commands->run('db:seed', Array)
#14 C:\wamp64\www\e-commerce\system\Boot.php(351): CodeIgniter\CLI\Console->run()
#15 C:\wamp64\www\e-commerce\system\Boot.php(104): CodeIgniter\Boot::runCommand(Object(CodeIgniter\CLI\Console))
#16 C:\wamp64\www\e-commerce\spark(84): CodeIgniter\Boot::bootSpark(Object(Config\Paths))
#17 {main}
ERROR - 2024-10-11 16:54:10 --> mysqli_sql_exception: Unknown column 'bookie_email' in 'field list' in C:\wamp64\www\e-commerce\system\Database\MySQLi\Connection.php:312
Stack trace:
#0 C:\wamp64\www\e-commerce\system\Database\MySQLi\Connection.php(312): mysqli->query('INSERT INTO `si...', 0)
#1 C:\wamp64\www\e-commerce\system\Database\BaseConnection.php(734): CodeIgniter\Database\MySQLi\Connection->execute('INSERT INTO `si...')
#2 C:\wamp64\www\e-commerce\system\Database\BaseConnection.php(648): CodeIgniter\Database\BaseConnection->simpleQuery('INSERT INTO `si...')
#3 C:\wamp64\www\e-commerce\system\Database\BaseBuilder.php(1836): CodeIgniter\Database\BaseConnection->query('INSERT INTO `si...', NULL, false)
#4 C:\wamp64\www\e-commerce\system\Database\BaseBuilder.php(2225): CodeIgniter\Database\BaseBuilder->batchExecute('_insertBatch', 100)
#5 C:\wamp64\www\e-commerce\app\Database\Seeds\SiteSettingsSeeder.php(37): CodeIgniter\Database\BaseBuilder->insertBatch(Array)
#6 C:\wamp64\www\e-commerce\system\Database\Seeder.php(147): App\Database\Seeds\SiteSettingsSeeder->run()
#7 C:\wamp64\www\e-commerce\app\Database\Seeds\AllSeeder.php(19): CodeIgniter\Database\Seeder->call('App\\Database\\Se...')
#8 C:\wamp64\www\e-commerce\system\Database\Seeder.php(147): App\Database\Seeds\AllSeeder->run()
#9 C:\wamp64\www\e-commerce\system\Commands\Database\Seed.php(79): CodeIgniter\Database\Seeder->call('App\\Database\\Se...')
#10 C:\wamp64\www\e-commerce\system\CLI\Commands.php(70): CodeIgniter\Commands\Database\Seed->run(Array)
#11 C:\wamp64\www\e-commerce\system\CLI\Console.php(48): CodeIgniter\CLI\Commands->run('db:seed', Array)
#12 C:\wamp64\www\e-commerce\system\Boot.php(351): CodeIgniter\CLI\Console->run()
#13 C:\wamp64\www\e-commerce\system\Boot.php(104): CodeIgniter\Boot::runCommand(Object(CodeIgniter\CLI\Console))
#14 C:\wamp64\www\e-commerce\spark(84): CodeIgniter\Boot::bootSpark(Object(Config\Paths))
#15 {main}
ERROR - 2024-10-11 16:56:19 --> mysqli_sql_exception: Unknown column 'bookie_email' in 'field list' in C:\wamp64\www\e-commerce\system\Database\MySQLi\Connection.php:312
Stack trace:
#0 C:\wamp64\www\e-commerce\system\Database\MySQLi\Connection.php(312): mysqli->query('INSERT INTO `si...', 0)
#1 C:\wamp64\www\e-commerce\system\Database\BaseConnection.php(734): CodeIgniter\Database\MySQLi\Connection->execute('INSERT INTO `si...')
#2 C:\wamp64\www\e-commerce\system\Database\BaseConnection.php(648): CodeIgniter\Database\BaseConnection->simpleQuery('INSERT INTO `si...')
#3 C:\wamp64\www\e-commerce\system\Database\BaseBuilder.php(1836): CodeIgniter\Database\BaseConnection->query('INSERT INTO `si...', NULL, false)
#4 C:\wamp64\www\e-commerce\system\Database\BaseBuilder.php(2225): CodeIgniter\Database\BaseBuilder->batchExecute('_insertBatch', 100)
#5 C:\wamp64\www\e-commerce\app\Database\Seeds\SiteSettingsSeeder.php(37): CodeIgniter\Database\BaseBuilder->insertBatch(Array)
#6 C:\wamp64\www\e-commerce\system\Database\Seeder.php(147): App\Database\Seeds\SiteSettingsSeeder->run()
#7 C:\wamp64\www\e-commerce\app\Database\Seeds\AllSeeder.php(19): CodeIgniter\Database\Seeder->call('App\\Database\\Se...')
#8 C:\wamp64\www\e-commerce\system\Database\Seeder.php(147): App\Database\Seeds\AllSeeder->run()
#9 C:\wamp64\www\e-commerce\system\Commands\Database\Seed.php(79): CodeIgniter\Database\Seeder->call('App\\Database\\Se...')
#10 C:\wamp64\www\e-commerce\system\CLI\Commands.php(70): CodeIgniter\Commands\Database\Seed->run(Array)
#11 C:\wamp64\www\e-commerce\system\CLI\Console.php(48): CodeIgniter\CLI\Commands->run('db:seed', Array)
#12 C:\wamp64\www\e-commerce\system\Boot.php(351): CodeIgniter\CLI\Console->run()
#13 C:\wamp64\www\e-commerce\system\Boot.php(104): CodeIgniter\Boot::runCommand(Object(CodeIgniter\CLI\Console))
#14 C:\wamp64\www\e-commerce\spark(84): CodeIgniter\Boot::bootSpark(Object(Config\Paths))
#15 {main}
ERROR - 2024-10-11 17:00:04 --> mysqli_sql_exception: Unknown column 'x_twitter' in 'field list' in C:\wamp64\www\e-commerce\system\Database\MySQLi\Connection.php:312
Stack trace:
#0 C:\wamp64\www\e-commerce\system\Database\MySQLi\Connection.php(312): mysqli->query('INSERT INTO `si...', 0)
#1 C:\wamp64\www\e-commerce\system\Database\BaseConnection.php(734): CodeIgniter\Database\MySQLi\Connection->execute('INSERT INTO `si...')
#2 C:\wamp64\www\e-commerce\system\Database\BaseConnection.php(648): CodeIgniter\Database\BaseConnection->simpleQuery('INSERT INTO `si...')
#3 C:\wamp64\www\e-commerce\system\Database\BaseBuilder.php(1836): CodeIgniter\Database\BaseConnection->query('INSERT INTO `si...', NULL, false)
#4 C:\wamp64\www\e-commerce\system\Database\BaseBuilder.php(2225): CodeIgniter\Database\BaseBuilder->batchExecute('_insertBatch', 100)
#5 C:\wamp64\www\e-commerce\app\Database\Seeds\SiteSettingsSeeder.php(36): CodeIgniter\Database\BaseBuilder->insertBatch(Array)
#6 C:\wamp64\www\e-commerce\system\Database\Seeder.php(147): App\Database\Seeds\SiteSettingsSeeder->run()
#7 C:\wamp64\www\e-commerce\app\Database\Seeds\AllSeeder.php(19): CodeIgniter\Database\Seeder->call('App\\Database\\Se...')
#8 C:\wamp64\www\e-commerce\system\Database\Seeder.php(147): App\Database\Seeds\AllSeeder->run()
#9 C:\wamp64\www\e-commerce\system\Commands\Database\Seed.php(79): CodeIgniter\Database\Seeder->call('App\\Database\\Se...')
#10 C:\wamp64\www\e-commerce\system\CLI\Commands.php(70): CodeIgniter\Commands\Database\Seed->run(Array)
#11 C:\wamp64\www\e-commerce\system\CLI\Console.php(48): CodeIgniter\CLI\Commands->run('db:seed', Array)
#12 C:\wamp64\www\e-commerce\system\Boot.php(351): CodeIgniter\CLI\Console->run()
#13 C:\wamp64\www\e-commerce\system\Boot.php(104): CodeIgniter\Boot::runCommand(Object(CodeIgniter\CLI\Console))
#14 C:\wamp64\www\e-commerce\spark(84): CodeIgniter\Boot::bootSpark(Object(Config\Paths))
#15 {main}
INFO - 2024-10-11 17:08:00 --> Session: Class initialized using 'CodeIgniter\Session\Handlers\FileHandler' driver.
INFO - 2024-10-11 17:08:23 --> Session: Class initialized using 'CodeIgniter\Session\Handlers\FileHandler' driver.
INFO - 2024-10-11 17:08:26 --> Session: Class initialized using 'CodeIgniter\Session\Handlers\FileHandler' driver.
INFO - 2024-10-11 17:09:12 --> Session: Class initialized using 'CodeIgniter\Session\Handlers\FileHandler' driver.
INFO - 2024-10-11 17:09:12 --> Session: Class initialized using 'CodeIgniter\Session\Handlers\FileHandler' driver.
INFO - 2024-10-11 17:10:21 --> Session: Class initialized using 'CodeIgniter\Session\Handlers\FileHandler' driver.
INFO - 2024-10-11 17:10:21 --> Session: Class initialized using 'CodeIgniter\Session\Handlers\FileHandler' driver.
INFO - 2024-10-11 17:40:40 --> Session: Class initialized using 'CodeIgniter\Session\Handlers\FileHandler' driver.
INFO - 2024-10-11 17:41:36 --> Session: Class initialized using 'CodeIgniter\Session\Handlers\FileHandler' driver.
INFO - 2024-10-11 17:41:36 --> Session: Class initialized using 'CodeIgniter\Session\Handlers\FileHandler' driver.
INFO - 2024-10-11 17:46:39 --> Session: Class initialized using 'CodeIgniter\Session\Handlers\FileHandler' driver.
INFO - 2024-10-11 17:46:47 --> Session: Class initialized using 'CodeIgniter\Session\Handlers\FileHandler' driver.
INFO - 2024-10-11 17:46:47 --> Session: Class initialized using 'CodeIgniter\Session\Handlers\FileHandler' driver.
CRITICAL - 2024-10-11 17:46:48 --> CodeIgniter\HTTP\Exceptions\BadRequestException: The URI you submitted has disallowed characters: "product-1(2).png"
[Method: GET, Route: admin/assets/images/products/product-1%282%29.png]
in SYSTEMPATH\Router\Router.php on line 737.
 1 SYSTEMPATH\Router\Router.php(204): CodeIgniter\Router\Router->checkDisallowedChars('admin/assets/images/products/product-1(2).png')
 2 SYSTEMPATH\CodeIgniter.php(834): CodeIgniter\Router\Router->handle('admin/assets/images/products/product-1(2).png')
 3 SYSTEMPATH\CodeIgniter.php(457): CodeIgniter\CodeIgniter->tryToRouteIt(Object(CodeIgniter\Router\RouteCollection))
 4 SYSTEMPATH\CodeIgniter.php(355): CodeIgniter\CodeIgniter->handleRequest(null, Object(Config\Cache), false)
 5 SYSTEMPATH\Boot.php(325): CodeIgniter\CodeIgniter->run()
 6 SYSTEMPATH\Boot.php(67): CodeIgniter\Boot::runCodeIgniter(Object(CodeIgniter\CodeIgniter))
 7 FCPATH\index.php(56): CodeIgniter\Boot::bootWeb(Object(Config\Paths))
INFO - 2024-10-11 17:52:23 --> Session: Class initialized using 'CodeIgniter\Session\Handlers\FileHandler' driver.
CRITICAL - 2024-10-11 17:52:23 --> CodeIgniter\HTTP\Exceptions\BadRequestException: The URI you submitted has disallowed characters: "product-1(2).png"
[Method: GET, Route: admin/assets/images/products/product-1%282%29.png]
in SYSTEMPATH\Router\Router.php on line 737.
 1 SYSTEMPATH\Router\Router.php(204): CodeIgniter\Router\Router->checkDisallowedChars('admin/assets/images/products/product-1(2).png')
 2 SYSTEMPATH\CodeIgniter.php(834): CodeIgniter\Router\Router->handle('admin/assets/images/products/product-1(2).png')
 3 SYSTEMPATH\CodeIgniter.php(457): CodeIgniter\CodeIgniter->tryToRouteIt(Object(CodeIgniter\Router\RouteCollection))
 4 SYSTEMPATH\CodeIgniter.php(355): CodeIgniter\CodeIgniter->handleRequest(null, Object(Config\Cache), false)
 5 SYSTEMPATH\Boot.php(325): CodeIgniter\CodeIgniter->run()
 6 SYSTEMPATH\Boot.php(67): CodeIgniter\Boot::runCodeIgniter(Object(CodeIgniter\CodeIgniter))
 7 FCPATH\index.php(56): CodeIgniter\Boot::bootWeb(Object(Config\Paths))
INFO - 2024-10-11 17:54:17 --> Session: Class initialized using 'CodeIgniter\Session\Handlers\FileHandler' driver.
CRITICAL - 2024-10-11 17:54:18 --> CodeIgniter\HTTP\Exceptions\BadRequestException: The URI you submitted has disallowed characters: "product-1(2).png"
[Method: GET, Route: admin/assets/images/products/product-1%282%29.png]
in SYSTEMPATH\Router\Router.php on line 737.
 1 SYSTEMPATH\Router\Router.php(204): CodeIgniter\Router\Router->checkDisallowedChars('admin/assets/images/products/product-1(2).png')
 2 SYSTEMPATH\CodeIgniter.php(834): CodeIgniter\Router\Router->handle('admin/assets/images/products/product-1(2).png')
 3 SYSTEMPATH\CodeIgniter.php(457): CodeIgniter\CodeIgniter->tryToRouteIt(Object(CodeIgniter\Router\RouteCollection))
 4 SYSTEMPATH\CodeIgniter.php(355): CodeIgniter\CodeIgniter->handleRequest(null, Object(Config\Cache), false)
 5 SYSTEMPATH\Boot.php(325): CodeIgniter\CodeIgniter->run()
 6 SYSTEMPATH\Boot.php(67): CodeIgniter\Boot::runCodeIgniter(Object(CodeIgniter\CodeIgniter))
 7 FCPATH\index.php(56): CodeIgniter\Boot::bootWeb(Object(Config\Paths))
INFO - 2024-10-11 17:54:22 --> Session: Class initialized using 'CodeIgniter\Session\Handlers\FileHandler' driver.
CRITICAL - 2024-10-11 17:54:22 --> CodeIgniter\HTTP\Exceptions\BadRequestException: The URI you submitted has disallowed characters: "product-1(2).png"
[Method: GET, Route: admin/assets/images/products/product-1%282%29.png]
in SYSTEMPATH\Router\Router.php on line 737.
 1 SYSTEMPATH\Router\Router.php(204): CodeIgniter\Router\Router->checkDisallowedChars('admin/assets/images/products/product-1(2).png')
 2 SYSTEMPATH\CodeIgniter.php(834): CodeIgniter\Router\Router->handle('admin/assets/images/products/product-1(2).png')
 3 SYSTEMPATH\CodeIgniter.php(457): CodeIgniter\CodeIgniter->tryToRouteIt(Object(CodeIgniter\Router\RouteCollection))
 4 SYSTEMPATH\CodeIgniter.php(355): CodeIgniter\CodeIgniter->handleRequest(null, Object(Config\Cache), false)
 5 SYSTEMPATH\Boot.php(325): CodeIgniter\CodeIgniter->run()
 6 SYSTEMPATH\Boot.php(67): CodeIgniter\Boot::runCodeIgniter(Object(CodeIgniter\CodeIgniter))
 7 FCPATH\index.php(56): CodeIgniter\Boot::bootWeb(Object(Config\Paths))
INFO - 2024-10-11 17:54:42 --> Session: Class initialized using 'CodeIgniter\Session\Handlers\FileHandler' driver.
CRITICAL - 2024-10-11 17:54:43 --> CodeIgniter\HTTP\Exceptions\BadRequestException: The URI you submitted has disallowed characters: "product-1(2).png"
[Method: GET, Route: admin/assets/images/products/product-1%282%29.png]
in SYSTEMPATH\Router\Router.php on line 737.
 1 SYSTEMPATH\Router\Router.php(204): CodeIgniter\Router\Router->checkDisallowedChars('admin/assets/images/products/product-1(2).png')
 2 SYSTEMPATH\CodeIgniter.php(834): CodeIgniter\Router\Router->handle('admin/assets/images/products/product-1(2).png')
 3 SYSTEMPATH\CodeIgniter.php(457): CodeIgniter\CodeIgniter->tryToRouteIt(Object(CodeIgniter\Router\RouteCollection))
 4 SYSTEMPATH\CodeIgniter.php(355): CodeIgniter\CodeIgniter->handleRequest(null, Object(Config\Cache), false)
 5 SYSTEMPATH\Boot.php(325): CodeIgniter\CodeIgniter->run()
 6 SYSTEMPATH\Boot.php(67): CodeIgniter\Boot::runCodeIgniter(Object(CodeIgniter\CodeIgniter))
 7 FCPATH\index.php(56): CodeIgniter\Boot::bootWeb(Object(Config\Paths))
INFO - 2024-10-11 17:55:00 --> Session: Class initialized using 'CodeIgniter\Session\Handlers\FileHandler' driver.
CRITICAL - 2024-10-11 17:55:00 --> CodeIgniter\HTTP\Exceptions\BadRequestException: The URI you submitted has disallowed characters: "product-1(2).png"
[Method: GET, Route: admin/assets/images/products/product-1%282%29.png]
in SYSTEMPATH\Router\Router.php on line 737.
 1 SYSTEMPATH\Router\Router.php(204): CodeIgniter\Router\Router->checkDisallowedChars('admin/assets/images/products/product-1(2).png')
 2 SYSTEMPATH\CodeIgniter.php(834): CodeIgniter\Router\Router->handle('admin/assets/images/products/product-1(2).png')
 3 SYSTEMPATH\CodeIgniter.php(457): CodeIgniter\CodeIgniter->tryToRouteIt(Object(CodeIgniter\Router\RouteCollection))
 4 SYSTEMPATH\CodeIgniter.php(355): CodeIgniter\CodeIgniter->handleRequest(null, Object(Config\Cache), false)
 5 SYSTEMPATH\Boot.php(325): CodeIgniter\CodeIgniter->run()
 6 SYSTEMPATH\Boot.php(67): CodeIgniter\Boot::runCodeIgniter(Object(CodeIgniter\CodeIgniter))
 7 FCPATH\index.php(56): CodeIgniter\Boot::bootWeb(Object(Config\Paths))
INFO - 2024-10-11 17:56:21 --> Session: Class initialized using 'CodeIgniter\Session\Handlers\FileHandler' driver.
CRITICAL - 2024-10-11 17:56:21 --> CodeIgniter\HTTP\Exceptions\BadRequestException: The URI you submitted has disallowed characters: "product-1(2).png"
[Method: GET, Route: admin/assets/images/products/product-1%282%29.png]
in SYSTEMPATH\Router\Router.php on line 737.
 1 SYSTEMPATH\Router\Router.php(204): CodeIgniter\Router\Router->checkDisallowedChars('admin/assets/images/products/product-1(2).png')
 2 SYSTEMPATH\CodeIgniter.php(834): CodeIgniter\Router\Router->handle('admin/assets/images/products/product-1(2).png')
 3 SYSTEMPATH\CodeIgniter.php(457): CodeIgniter\CodeIgniter->tryToRouteIt(Object(CodeIgniter\Router\RouteCollection))
 4 SYSTEMPATH\CodeIgniter.php(355): CodeIgniter\CodeIgniter->handleRequest(null, Object(Config\Cache), false)
 5 SYSTEMPATH\Boot.php(325): CodeIgniter\CodeIgniter->run()
 6 SYSTEMPATH\Boot.php(67): CodeIgniter\Boot::runCodeIgniter(Object(CodeIgniter\CodeIgniter))
 7 FCPATH\index.php(56): CodeIgniter\Boot::bootWeb(Object(Config\Paths))
INFO - 2024-10-11 18:03:30 --> Session: Class initialized using 'CodeIgniter\Session\Handlers\FileHandler' driver.
CRITICAL - 2024-10-11 18:03:31 --> CodeIgniter\HTTP\Exceptions\BadRequestException: The URI you submitted has disallowed characters: "product-1(2).png"
[Method: GET, Route: admin/assets/images/products/product-1%282%29.png]
in SYSTEMPATH\Router\Router.php on line 737.
 1 SYSTEMPATH\Router\Router.php(204): CodeIgniter\Router\Router->checkDisallowedChars('admin/assets/images/products/product-1(2).png')
 2 SYSTEMPATH\CodeIgniter.php(834): CodeIgniter\Router\Router->handle('admin/assets/images/products/product-1(2).png')
 3 SYSTEMPATH\CodeIgniter.php(457): CodeIgniter\CodeIgniter->tryToRouteIt(Object(CodeIgniter\Router\RouteCollection))
 4 SYSTEMPATH\CodeIgniter.php(355): CodeIgniter\CodeIgniter->handleRequest(null, Object(Config\Cache), false)
 5 SYSTEMPATH\Boot.php(325): CodeIgniter\CodeIgniter->run()
 6 SYSTEMPATH\Boot.php(67): CodeIgniter\Boot::runCodeIgniter(Object(CodeIgniter\CodeIgniter))
 7 FCPATH\index.php(56): CodeIgniter\Boot::bootWeb(Object(Config\Paths))
INFO - 2024-10-11 18:03:58 --> Session: Class initialized using 'CodeIgniter\Session\Handlers\FileHandler' driver.
CRITICAL - 2024-10-11 18:03:59 --> CodeIgniter\HTTP\Exceptions\BadRequestException: The URI you submitted has disallowed characters: "product-1(2).png"
[Method: GET, Route: admin/assets/images/products/product-1%282%29.png]
in SYSTEMPATH\Router\Router.php on line 737.
 1 SYSTEMPATH\Router\Router.php(204): CodeIgniter\Router\Router->checkDisallowedChars('admin/assets/images/products/product-1(2).png')
 2 SYSTEMPATH\CodeIgniter.php(834): CodeIgniter\Router\Router->handle('admin/assets/images/products/product-1(2).png')
 3 SYSTEMPATH\CodeIgniter.php(457): CodeIgniter\CodeIgniter->tryToRouteIt(Object(CodeIgniter\Router\RouteCollection))
 4 SYSTEMPATH\CodeIgniter.php(355): CodeIgniter\CodeIgniter->handleRequest(null, Object(Config\Cache), false)
 5 SYSTEMPATH\Boot.php(325): CodeIgniter\CodeIgniter->run()
 6 SYSTEMPATH\Boot.php(67): CodeIgniter\Boot::runCodeIgniter(Object(CodeIgniter\CodeIgniter))
 7 FCPATH\index.php(56): CodeIgniter\Boot::bootWeb(Object(Config\Paths))
